<?xml version="1.0" encoding="UTF-8"?>
<!-- Generated by org.testng.reporters.JUnitReportReporter -->
<testsuite hostname="David" failures="0" tests="4" name="sanity.GrafanaAPI" time="8.748" errors="0" timestamp="2022-12-22T10:43:19 IST" skipped="0">
  <testcase classname="sanity.GrafanaAPI" name="test2_AddTeamAndVerify" time="0.251"/>
  <system-out/>
  <testcase classname="sanity.GrafanaAPI" name="test3_UpdateTeamAndVerify" time="0.172"/>
  <system-out/>
  <testcase classname="sanity.GrafanaAPI" name="test4_DeleteTeamAndVerify" time="0.229"/>
  <system-out/>
  <testcase classname="sanity.GrafanaAPI" name="test1_VerifyTeam" time="8.096"/>
  <system-out/>
</testsuite> <!-- sanity.GrafanaAPI -->
