<?xml version="1.0" encoding="UTF-8"?>
<!-- Generated by org.testng.reporters.JUnitReportReporter -->
<testsuite hostname="David" failures="0" tests="1" name="sanity.TodoListElectron" time="3.456" errors="0" timestamp="2022-12-22T10:43:20 IST" skipped="0">
  <testcase classname="sanity.TodoListElectron" name="test01_AddEndVerifyNewTask" time="3.456"/>
  <system-out/>
</testsuite> <!-- sanity.TodoListElectron -->
